{
  "stats": {
    "suites": 3,
    "tests": 8,
    "passes": 8,
    "pending": 0,
    "failures": 0,
    "start": "2023-06-22T02:44:55.240Z",
    "end": "2023-06-22T02:45:33.582Z",
    "duration": 38342,
    "testsRegistered": 8,
    "passPercent": 100,
    "pendingPercent": 0,
    "other": 0,
    "hasOther": false,
    "skipped": 0,
    "hasSkipped": false
  },
  "results": [
    {
      "uuid": "9799e79f-ec54-4ff9-8c7f-6523fce17806",
      "title": "",
      "fullFile": "",
      "file": "",
      "beforeHooks": [],
      "afterHooks": [],
      "tests": [],
      "suites": [
        {
          "uuid": "778933b2-e0c2-4835-aef9-078e03773261",
          "title": "add another todo test",
          "fullFile": "D:\\Proyectos\\testPayever\\test\\testCaseYT2.js",
          "file": "\\test\\testCaseYT2.js",
          "beforeHooks": [],
          "afterHooks": [],
          "tests": [
            {
              "title": "succesfully adds another a todo to application",
              "fullTitle": "add another todo test succesfully adds another a todo to application",
              "timedOut": null,
              "duration": 1630,
              "state": "passed",
              "speed": "slow",
              "pass": true,
              "fail": false,
              "pending": false,
              "context": null,
              "code": "let driver = await new Builder().forBrowser(Browser.CHROME).build();\n\ntry {\n  await driver.get('https://www.google.com/');\n \n} finally {\n \n  await driver.quit();\n}",
              "err": {},
              "uuid": "e5005f0b-477f-4d65-a334-290ff3e2c570",
              "parentUUID": null,
              "isHook": false,
              "skipped": false
            }
          ],
          "suites": [],
          "passes": [
            "e5005f0b-477f-4d65-a334-290ff3e2c570"
          ],
          "failures": [],
          "pending": [],
          "skipped": [],
          "duration": 1630,
          "root": false,
          "rootEmpty": false,
          "_timeout": null
        },
        {
          "uuid": "b9c3ef7a-1083-450d-9faf-887671890e5f",
          "title": "add todo test",
          "fullFile": "D:\\Proyectos\\testPayever\\test\\testCaseYT.js",
          "file": "\\test\\testCaseYT.js",
          "beforeHooks": [
            {
              "title": "\"before each\" hook in \"add todo test\"",
              "fullTitle": "add todo test \"before each\" hook in \"add todo test\"",
              "timedOut": null,
              "duration": 2,
              "state": null,
              "speed": null,
              "pass": false,
              "fail": false,
              "pending": null,
              "context": null,
              "code": "ltCapabilities.capabilities['LT:Options'].name = this.currentTest.title;\n driver = new Builder()\n .usingServer(gridUrl)\n .withCapabilities(ltCapabilities.capabilities)\n .build();",
              "err": {},
              "uuid": "74d2db2e-af06-4a86-b5ea-e1936500d1a2",
              "parentUUID": null,
              "isHook": true,
              "skipped": false
            }
          ],
          "afterHooks": [
            {
              "title": "\"after each\" hook in \"add todo test\"",
              "fullTitle": "add todo test \"after each\" hook in \"add todo test\"",
              "timedOut": null,
              "duration": 0,
              "state": null,
              "speed": null,
              "pass": false,
              "fail": false,
              "pending": null,
              "context": null,
              "code": "driver.quit();",
              "err": {},
              "uuid": "5b22fa1f-9d82-4207-bd4b-b29afdded8e8",
              "parentUUID": null,
              "isHook": true,
              "skipped": false
            }
          ],
          "tests": [
            {
              "title": "succesfully adds a todo to application",
              "fullTitle": "add todo test succesfully adds a todo to application",
              "timedOut": null,
              "duration": 4087,
              "state": "passed",
              "speed": "slow",
              "pass": true,
              "fail": false,
              "pending": false,
              "context": null,
              "code": "//  let driver = await new Builder().forBrowser(Browser.CHROME).build();\n  \n    await driver.get('https://www.google.com/');",
              "err": {},
              "uuid": "1d0f93b5-d231-452b-84bc-2a088613ff21",
              "parentUUID": null,
              "isHook": false,
              "skipped": false
            }
          ],
          "suites": [],
          "passes": [
            "1d0f93b5-d231-452b-84bc-2a088613ff21"
          ],
          "failures": [],
          "pending": [],
          "skipped": [],
          "duration": 4087,
          "root": false,
          "rootEmpty": false,
          "_timeout": null
        },
        {
          "uuid": "fc6735d1-ff15-4faa-bdf4-fc60955e68f5",
          "title": "add todo test",
          "fullFile": "D:\\Proyectos\\testPayever\\test\\paramTest.js",
          "file": "\\test\\paramTest.js",
          "beforeHooks": [],
          "afterHooks": [],
          "tests": [
            {
              "title": "succesfully adds a todo to application with diferent browsers ${browser}, ${bVersion}, ${os}",
              "fullTitle": "add todo test succesfully adds a todo to application with diferent browsers ${browser}, ${bVersion}, ${os}",
              "timedOut": null,
              "duration": 6540,
              "state": "passed",
              "speed": "slow",
              "pass": true,
              "fail": false,
              "pending": false,
              "context": null,
              "code": "//  let driver = await new Builder().forBrowser(Browser.CHROME).build();\n  try{\n      console.log(browser+ \" \" + bVersion + \" \" + os);    \n      ltCapabilities.capabilities['LT:Options'].name = this.test.title;\n      ltCapabilities.capabilities['LT:Options'].platformName = os;\n      ltCapabilities.capabilities.browserName = browser;\n      ltCapabilities.capabilities.browserVersion = bVersion;\n      driver = new Builder()\n      .usingServer(gridUrl)\n      .withCapabilities(ltCapabilities.capabilities)\n      .build();\n      await driver.get('https://www.google.com/');\n  }finally{\n      driver.quit();\n  }",
              "err": {},
              "uuid": "ffef8552-772c-4567-a43f-817bffce41f7",
              "parentUUID": null,
              "isHook": false,
              "skipped": false
            },
            {
              "title": "succesfully adds a todo to application with diferent browsers ${browser}, ${bVersion}, ${os}",
              "fullTitle": "add todo test succesfully adds a todo to application with diferent browsers ${browser}, ${bVersion}, ${os}",
              "timedOut": null,
              "duration": 4394,
              "state": "passed",
              "speed": "slow",
              "pass": true,
              "fail": false,
              "pending": false,
              "context": null,
              "code": "//  let driver = await new Builder().forBrowser(Browser.CHROME).build();\n  try{\n      console.log(browser+ \" \" + bVersion + \" \" + os);    \n      ltCapabilities.capabilities['LT:Options'].name = this.test.title;\n      ltCapabilities.capabilities['LT:Options'].platformName = os;\n      ltCapabilities.capabilities.browserName = browser;\n      ltCapabilities.capabilities.browserVersion = bVersion;\n      driver = new Builder()\n      .usingServer(gridUrl)\n      .withCapabilities(ltCapabilities.capabilities)\n      .build();\n      await driver.get('https://www.google.com/');\n  }finally{\n      driver.quit();\n  }",
              "err": {},
              "uuid": "908ecb31-69cd-42c6-9f30-efef35143ab6",
              "parentUUID": null,
              "isHook": false,
              "skipped": false
            },
            {
              "title": "succesfully adds a todo to application with diferent browsers ${browser}, ${bVersion}, ${os}",
              "fullTitle": "add todo test succesfully adds a todo to application with diferent browsers ${browser}, ${bVersion}, ${os}",
              "timedOut": null,
              "duration": 8520,
              "state": "passed",
              "speed": "slow",
              "pass": true,
              "fail": false,
              "pending": false,
              "context": null,
              "code": "//  let driver = await new Builder().forBrowser(Browser.CHROME).build();\n  try{\n      console.log(browser+ \" \" + bVersion + \" \" + os);    \n      ltCapabilities.capabilities['LT:Options'].name = this.test.title;\n      ltCapabilities.capabilities['LT:Options'].platformName = os;\n      ltCapabilities.capabilities.browserName = browser;\n      ltCapabilities.capabilities.browserVersion = bVersion;\n      driver = new Builder()\n      .usingServer(gridUrl)\n      .withCapabilities(ltCapabilities.capabilities)\n      .build();\n      await driver.get('https://www.google.com/');\n  }finally{\n      driver.quit();\n  }",
              "err": {},
              "uuid": "7a0c16e8-1165-41aa-9a8a-527f2682dcee",
              "parentUUID": null,
              "isHook": false,
              "skipped": false
            },
            {
              "title": "succesfully adds a todo to application with diferent browsers ${browser}, ${bVersion}, ${os}",
              "fullTitle": "add todo test succesfully adds a todo to application with diferent browsers ${browser}, ${bVersion}, ${os}",
              "timedOut": null,
              "duration": 6157,
              "state": "passed",
              "speed": "slow",
              "pass": true,
              "fail": false,
              "pending": false,
              "context": null,
              "code": "//  let driver = await new Builder().forBrowser(Browser.CHROME).build();\n  try{\n      console.log(browser+ \" \" + bVersion + \" \" + os);    \n      ltCapabilities.capabilities['LT:Options'].name = this.test.title;\n      ltCapabilities.capabilities['LT:Options'].platformName = os;\n      ltCapabilities.capabilities.browserName = browser;\n      ltCapabilities.capabilities.browserVersion = bVersion;\n      driver = new Builder()\n      .usingServer(gridUrl)\n      .withCapabilities(ltCapabilities.capabilities)\n      .build();\n      await driver.get('https://www.google.com/');\n  }finally{\n      driver.quit();\n  }",
              "err": {},
              "uuid": "f1bb6676-23d4-404e-80f7-bd0b51cde2fe",
              "parentUUID": null,
              "isHook": false,
              "skipped": false
            },
            {
              "title": "succesfully adds a todo to application with diferent browsers ${browser}, ${bVersion}, ${os}",
              "fullTitle": "add todo test succesfully adds a todo to application with diferent browsers ${browser}, ${bVersion}, ${os}",
              "timedOut": null,
              "duration": 8310,
              "state": "passed",
              "speed": "slow",
              "pass": true,
              "fail": false,
              "pending": false,
              "context": null,
              "code": "//  let driver = await new Builder().forBrowser(Browser.CHROME).build();\n  try{\n      console.log(browser+ \" \" + bVersion + \" \" + os);    \n      ltCapabilities.capabilities['LT:Options'].name = this.test.title;\n      ltCapabilities.capabilities['LT:Options'].platformName = os;\n      ltCapabilities.capabilities.browserName = browser;\n      ltCapabilities.capabilities.browserVersion = bVersion;\n      driver = new Builder()\n      .usingServer(gridUrl)\n      .withCapabilities(ltCapabilities.capabilities)\n      .build();\n      await driver.get('https://www.google.com/');\n  }finally{\n      driver.quit();\n  }",
              "err": {},
              "uuid": "3ae88c0b-e53a-4d09-bf74-f1474175bd41",
              "parentUUID": null,
              "isHook": false,
              "skipped": false
            },
            {
              "title": "succesfully adds a todo to application with diferent browsers ${browser}, ${bVersion}, ${os}",
              "fullTitle": "add todo test succesfully adds a todo to application with diferent browsers ${browser}, ${bVersion}, ${os}",
              "timedOut": null,
              "duration": 4006,
              "state": "passed",
              "speed": "slow",
              "pass": true,
              "fail": false,
              "pending": false,
              "context": null,
              "code": "//  let driver = await new Builder().forBrowser(Browser.CHROME).build();\n  try{\n      console.log(browser+ \" \" + bVersion + \" \" + os);    \n      ltCapabilities.capabilities['LT:Options'].name = this.test.title;\n      ltCapabilities.capabilities['LT:Options'].platformName = os;\n      ltCapabilities.capabilities.browserName = browser;\n      ltCapabilities.capabilities.browserVersion = bVersion;\n      driver = new Builder()\n      .usingServer(gridUrl)\n      .withCapabilities(ltCapabilities.capabilities)\n      .build();\n      await driver.get('https://www.google.com/');\n  }finally{\n      driver.quit();\n  }",
              "err": {},
              "uuid": "0eeb7ddf-a8c1-4273-a9fb-b11f20363245",
              "parentUUID": null,
              "isHook": false,
              "skipped": false
            }
          ],
          "suites": [],
          "passes": [
            "ffef8552-772c-4567-a43f-817bffce41f7",
            "908ecb31-69cd-42c6-9f30-efef35143ab6",
            "7a0c16e8-1165-41aa-9a8a-527f2682dcee",
            "f1bb6676-23d4-404e-80f7-bd0b51cde2fe",
            "3ae88c0b-e53a-4d09-bf74-f1474175bd41",
            "0eeb7ddf-a8c1-4273-a9fb-b11f20363245"
          ],
          "failures": [],
          "pending": [],
          "skipped": [],
          "duration": 37927,
          "root": false,
          "rootEmpty": false,
          "_timeout": null
        }
      ],
      "passes": [],
      "failures": [],
      "pending": [],
      "skipped": [],
      "duration": 0,
      "root": true,
      "rootEmpty": true,
      "_timeout": 0
    }
  ],
  "meta": {
    "mocha": {
      "version": "10.2.0"
    },
    "mochawesome": {
      "options": {
        "quiet": false,
        "reportFilename": "testResult",
        "saveHtml": true,
        "saveJson": true,
        "consoleReporter": "spec",
        "useInlineDiffs": false,
        "code": true
      },
      "version": "7.1.3"
    },
    "marge": {
      "options": {
        "reportDir": "D:/Proyectos/testPayever/testReport",
        "reportFilename": "testResult"
      },
      "version": "6.2.0"
    }
  }
}