{
  "stats": {
    "suites": 2,
    "tests": 2,
    "passes": 2,
    "pending": 0,
    "failures": 0,
    "start": "2023-06-22T00:18:50.964Z",
    "end": "2023-06-22T00:18:53.056Z",
    "duration": 2092,
    "testsRegistered": 2,
    "passPercent": 100,
    "pendingPercent": 0,
    "other": 0,
    "hasOther": false,
    "skipped": 0,
    "hasSkipped": false
  },
  "results": [
    {
      "uuid": "5dd106c9-a41c-4161-9252-056e4c43c6cf",
      "title": "",
      "fullFile": "",
      "file": "",
      "beforeHooks": [],
      "afterHooks": [],
      "tests": [],
      "suites": [
        {
          "uuid": "1684d44b-8ba5-48e4-ab4a-d2801abf305e",
          "title": "add todo test",
          "fullFile": "D:\\Proyectos\\testPayever\\test\\testCaseYT.js",
          "file": "\\test\\testCaseYT.js",
          "beforeHooks": [],
          "afterHooks": [],
          "tests": [
            {
              "title": "succesfully adds a todo to application",
              "fullTitle": "add todo test succesfully adds a todo to application",
              "timedOut": null,
              "duration": 1596,
              "state": "passed",
              "speed": "slow",
              "pass": true,
              "fail": false,
              "pending": false,
              "context": null,
              "code": "let driver = await new Builder().forBrowser(Browser.CHROME).build();\n\ntry {\n  await driver.get('https://www.google.com/');\n \n} finally {\n \n  await driver.quit();\n}",
              "err": {},
              "uuid": "92bfc1c0-737b-4af1-8555-5486dc1d5d44",
              "parentUUID": null,
              "isHook": false,
              "skipped": false
            }
          ],
          "suites": [],
          "passes": [
            "92bfc1c0-737b-4af1-8555-5486dc1d5d44"
          ],
          "failures": [],
          "pending": [],
          "skipped": [],
          "duration": 1596,
          "root": false,
          "rootEmpty": false,
          "_timeout": null
        },
        {
          "uuid": "55d8b62a-bff3-4dbc-9fe5-18e758076d22",
          "title": "add another todo test",
          "fullFile": "D:\\Proyectos\\testPayever\\test\\testCaseYT2.js",
          "file": "\\test\\testCaseYT2.js",
          "beforeHooks": [],
          "afterHooks": [],
          "tests": [
            {
              "title": "succesfully adds another a todo to application",
              "fullTitle": "add another todo test succesfully adds another a todo to application",
              "timedOut": null,
              "duration": 1683,
              "state": "passed",
              "speed": "slow",
              "pass": true,
              "fail": false,
              "pending": false,
              "context": null,
              "code": "let driver = await new Builder().forBrowser(Browser.CHROME).build();\n\ntry {\n  await driver.get('https://www.google.com/');\n \n} finally {\n \n  await driver.quit();\n}",
              "err": {},
              "uuid": "9ea1f9cd-039a-4d5f-9def-0398fc973f86",
              "parentUUID": null,
              "isHook": false,
              "skipped": false
            }
          ],
          "suites": [],
          "passes": [
            "9ea1f9cd-039a-4d5f-9def-0398fc973f86"
          ],
          "failures": [],
          "pending": [],
          "skipped": [],
          "duration": 1683,
          "root": false,
          "rootEmpty": false,
          "_timeout": null
        }
      ],
      "passes": [],
      "failures": [],
      "pending": [],
      "skipped": [],
      "duration": 0,
      "root": true,
      "rootEmpty": true,
      "_timeout": 0
    }
  ],
  "meta": {
    "mocha": {
      "version": "10.2.0"
    },
    "mochawesome": {
      "options": {
        "quiet": false,
        "reportFilename": "mochawesome",
        "saveHtml": true,
        "saveJson": true,
        "consoleReporter": "spec",
        "useInlineDiffs": false,
        "code": true
      },
      "version": "7.1.3"
    },
    "marge": {
      "options": null,
      "version": "6.2.0"
    }
  }
}